#######################################################################################
# fsdb.xxxxx.log : log primitive debug message of FSDB Reader
# This is for R&D to analyze when there are issues happening when FSDB reading
# The corresponding FSDB file is /datahdd/riscv/zhangxiran/GCC_verification/GPC_verif_env/vpu_grape_cove/sim/base_func/wave/instr_test_123456.fsdb
#######################################################################################
[BASIC]Reader version : Chronologic Simulation VCS Release T-2022.06_Full64
[BASIC]simulator version : Chronologic Simulation VCS Release T-2022.06_Full64
[BASIC]dumper version : FSDB Dumper for VCS, Release Verdi_V-2023.12, Linux x86_64/64bit, 11/15/2023
[THREAD]The MTR thread count is 9
[THREAD]Secondary thread count: 4
[PERF]VC decompress count : 13
[PERF]VCChain decompress count : 16
[PERF]VC decompress count : 13
[PERF]VCChain decompress count : 15
[PERF]VC decompress count : 15
[PERF]VCChain decompress count : 17
[PERF]VC decompress count : 7
[PERF]VCChain decompress count : 14
[PERF]VC decompress count : 7
[PERF]VCChain decompress count : 15
[PERF]VC decompress count : 9
[PERF]VCChain decompress count : 15
[PERF]VC decompress count : 10
[PERF]VCChain decompress count : 15
[PERF]VC decompress count : 11
[PERF]VCChain decompress count : 16
[READSCOPE]ReadScopeTree calling time is 1
[READSCOPE]ReadScope_PartialLoad calling time is 0
[READSCOPE]Scope read by partial load count is 0
[READSCOPE]Scope read count is 1329
[READSCOPE]Decompressed blk is 3
[MAXCHAIN]Decompressed cnt 2
[PERF]VC decompress count : 17
[PERF]VCChain decompress count : 19
[FSDBGate Info] start
[FSDBGate Info] Total fhdb_compute_count = 17761
[FSDBGate Info] end
