Command: vcs -full64 -cc gcc-5 -LDFLAGS -Wl,--no-as-needed +v2k -sverilog -timescale=1ns/10ps \
-debug_access+all -kdb -CFLAGS -DVCS +vcs+lic+wait -Mdir=./base_func/exec/csrc -o \
./base_func/exec/simv +vc+list -CC -I/tools/synopsys/vcs/T-2022.06/include -CC -I/tools/others/rocket-tools//include \
-CC -std=c++17 -CC -Wl,-rpath,/tools/others/rocket-tools//lib /tools/others/rocket-tools//lib/libfesvr.a \
+define+CLOCK_PERIOD=1.0 +define+RANDOMIZE_DELAY=0.1 +define+FSDB+define+WAVES_FSDB+define+WAVES=fsdb \
+libext+.v +define+NRET=2 +define+NTRAP=1 +define+XLEN=64 +define+FLEN=64 +define+VLEN=128 \
-cm line+cond+tgl+fsm+branch+assert -cm_dir ./base_func/cov/simv -cm_hier ../cfg/cov.cfg \
+incdir+/tools/synopsys/vcs/Q-2020.03-SP2-7/etc/uvm-1.2 +incdir+/tools/synopsys/vcs/Q-2020.03-SP2-7/etc/uvm-1.2/dpi \
/tools/synopsys/vcs/Q-2020.03-SP2-7/etc/uvm-1.2/uvm.sv /tools/synopsys/vcs/Q-2020.03-SP2-7/etc/uvm-1.2/dpi/uvm_dpi.cc \
-f ../cfg/dut.f -f ../cfg/tb.f -l ./base_func/logs/vcs_compiler.log
*** Using c compiler gcc-5 instead of cc ...
                         Chronologic VCS (TM)
         Version T-2022.06_Full64 -- Wed Nov 13 13:46:14 2024

                    Copyright (c) 1991 - 2022 Synopsys, Inc.
   This software and the associated documentation are proprietary to Synopsys,
 Inc. This software may only be used in accordance with the terms and conditions
 of a written license agreement with Synopsys, Inc. All other use, reproduction,
   or distribution of this software is strictly prohibited.  Licensed Products
     communicate with Synopsys servers for the purpose of providing software
    updates, detecting software piracy and verifying that customers are using
    Licensed Products in conformity with the applicable License Key for such
  Licensed Products. Synopsys will use information gathered in connection with
    this process to deliver software updates and pursue software pirates and
                                   infringers.

 Inclusivity & Diversity - Visit SolvNetPlus to read the "Synopsys Statement on
            Inclusivity and Diversity" (Refer to article 000036315 at
                        https://solvnetplus.synopsys.com)

Parsing design file '/tools/synopsys/vcs/Q-2020.03-SP2-7/etc/uvm-1.2/uvm.sv'
Parsing included file '/tools/synopsys/vcs/Q-2020.03-SP2-7/etc/uvm-1.2/uvm_pkg.sv'.
Parsing included file '/tools/synopsys/vcs/Q-2020.03-SP2-7/etc/uvm-1.2/uvm_macros.svh'.
Parsing included file '/tools/synopsys/vcs/Q-2020.03-SP2-7/etc/uvm-1.2/macros/uvm_version_defines.svh'.
Back to file '/tools/synopsys/vcs/Q-2020.03-SP2-7/etc/uvm-1.2/uvm_macros.svh'.
Parsing included file '/tools/synopsys/vcs/Q-2020.03-SP2-7/etc/uvm-1.2/macros/uvm_global_defines.svh'.
Back to file '/tools/synopsys/vcs/Q-2020.03-SP2-7/etc/uvm-1.2/uvm_macros.svh'.
Parsing included file '/tools/synopsys/vcs/Q-2020.03-SP2-7/etc/uvm-1.2/macros/snps_macros.svp'.
Back to file '/tools/synopsys/vcs/Q-2020.03-SP2-7/etc/uvm-1.2/uvm_macros.svh'.
Parsing included file '/tools/synopsys/vcs/Q-2020.03-SP2-7/etc/uvm-1.2/macros/uvm_message_defines.svh'.
Back to file '/tools/synopsys/vcs/Q-2020.03-SP2-7/etc/uvm-1.2/uvm_macros.svh'.
Parsing included file '/tools/synopsys/vcs/Q-2020.03-SP2-7/etc/uvm-1.2/macros/uvm_phase_defines.svh'.
Back to file '/tools/synopsys/vcs/Q-2020.03-SP2-7/etc/uvm-1.2/uvm_macros.svh'.
Parsing included file '/tools/synopsys/vcs/Q-2020.03-SP2-7/etc/uvm-1.2/macros/uvm_object_defines.svh'.
Back to file '/tools/synopsys/vcs/Q-2020.03-SP2-7/etc/uvm-1.2/uvm_macros.svh'.
Parsing included file '/tools/synopsys/vcs/Q-2020.03-SP2-7/etc/uvm-1.2/macros/uvm_printer_defines.svh'.
Back to file '/tools/synopsys/vcs/Q-2020.03-SP2-7/etc/uvm-1.2/uvm_macros.svh'.
Parsing included file '/tools/synopsys/vcs/Q-2020.03-SP2-7/etc/uvm-1.2/macros/uvm_tlm_defines.svh'.
Parsing included file '/tools/synopsys/vcs/Q-2020.03-SP2-7/etc/uvm-1.2/tlm1/uvm_tlm_imps.svh'.
Back to file '/tools/synopsys/vcs/Q-2020.03-SP2-7/etc/uvm-1.2/macros/uvm_tlm_defines.svh'.
Back to file '/tools/synopsys/vcs/Q-2020.03-SP2-7/etc/uvm-1.2/uvm_macros.svh'.
Parsing included file '/tools/synopsys/vcs/Q-2020.03-SP2-7/etc/uvm-1.2/macros/uvm_sequence_defines.svh'.
Back to file '/tools/synopsys/vcs/Q-2020.03-SP2-7/etc/uvm-1.2/uvm_macros.svh'.
Parsing included file '/tools/synopsys/vcs/Q-2020.03-SP2-7/etc/uvm-1.2/macros/uvm_callback_defines.svh'.
Back to file '/tools/synopsys/vcs/Q-2020.03-SP2-7/etc/uvm-1.2/uvm_macros.svh'.
Parsing included file '/tools/synopsys/vcs/Q-2020.03-SP2-7/etc/uvm-1.2/macros/uvm_reg_defines.svh'.
Back to file '/tools/synopsys/vcs/Q-2020.03-SP2-7/etc/uvm-1.2/uvm_macros.svh'.
Parsing included file '/tools/synopsys/vcs/Q-2020.03-SP2-7/etc/uvm-1.2/macros/uvm_deprecated_defines.svh'.
Back to file '/tools/synopsys/vcs/Q-2020.03-SP2-7/etc/uvm-1.2/uvm_macros.svh'.
Back to file '/tools/synopsys/vcs/Q-2020.03-SP2-7/etc/uvm-1.2/uvm_pkg.sv'.
Parsing included file '/tools/synopsys/vcs/Q-2020.03-SP2-7/etc/uvm-1.2/dpi/uvm_dpi.svh'.
Parsing included file '/tools/synopsys/vcs/Q-2020.03-SP2-7/etc/uvm-1.2/dpi/uvm_hdl.svh'.
Back to file '/tools/synopsys/vcs/Q-2020.03-SP2-7/etc/uvm-1.2/dpi/uvm_dpi.svh'.
Parsing included file '/tools/synopsys/vcs/Q-2020.03-SP2-7/etc/uvm-1.2/dpi/uvm_svcmd_dpi.svh'.
Back to file '/tools/synopsys/vcs/Q-2020.03-SP2-7/etc/uvm-1.2/dpi/uvm_dpi.svh'.
Parsing included file '/tools/synopsys/vcs/Q-2020.03-SP2-7/etc/uvm-1.2/dpi/uvm_regex.svh'.
Back to file '/tools/synopsys/vcs/Q-2020.03-SP2-7/etc/uvm-1.2/dpi/uvm_dpi.svh'.
Back to file '/tools/synopsys/vcs/Q-2020.03-SP2-7/etc/uvm-1.2/uvm_pkg.sv'.
Parsing included file '/tools/synopsys/vcs/Q-2020.03-SP2-7/etc/uvm-1.2/base/uvm_base.svh'.
Parsing included file '/tools/synopsys/vcs/Q-2020.03-SP2-7/etc/uvm-1.2/base/uvm_coreservice.svh'.
Back to file '/tools/synopsys/vcs/Q-2020.03-SP2-7/etc/uvm-1.2/base/uvm_base.svh'.
Parsing included file '/tools/synopsys/vcs/Q-2020.03-SP2-7/etc/uvm-1.2/base/uvm_version.svh'.
Back to file '/tools/synopsys/vcs/Q-2020.03-SP2-7/etc/uvm-1.2/base/uvm_base.svh'.
Parsing included file '/tools/synopsys/vcs/Q-2020.03-SP2-7/etc/uvm-1.2/base/uvm_object_globals.svh'.
Back to file '/tools/synopsys/vcs/Q-2020.03-SP2-7/etc/uvm-1.2/base/uvm_base.svh'.
Parsing included file '/tools/synopsys/vcs/Q-2020.03-SP2-7/etc/uvm-1.2/base/uvm_misc.svh'.
Back to file '/tools/synopsys/vcs/Q-2020.03-SP2-7/etc/uvm-1.2/base/uvm_base.svh'.
Parsing included file '/tools/synopsys/vcs/Q-2020.03-SP2-7/etc/uvm-1.2/base/uvm_object.svh'.
Back to file '/tools/synopsys/vcs/Q-2020.03-SP2-7/etc/uvm-1.2/base/uvm_base.svh'.
Parsing included file '/tools/synopsys/vcs/Q-2020.03-SP2-7/etc/uvm-1.2/base/uvm_pool.svh'.
Back to file '/tools/synopsys/vcs/Q-2020.03-SP2-7/etc/uvm-1.2/base/uvm_base.svh'.
Parsing included file '/tools/synopsys/vcs/Q-2020.03-SP2-7/etc/uvm-1.2/base/uvm_queue.svh'.
Back to file '/tools/synopsys/vcs/Q-2020.03-SP2-7/etc/uvm-1.2/base/uvm_base.svh'.
Parsing included file '/tools/synopsys/vcs/Q-2020.03-SP2-7/etc/uvm-1.2/base/uvm_factory.svh'.
Back to file '/tools/synopsys/vcs/Q-2020.03-SP2-7/etc/uvm-1.2/base/uvm_base.svh'.
Parsing included file '/tools/synopsys/vcs/Q-2020.03-SP2-7/etc/uvm-1.2/base/uvm_registry.svh'.
Back to file '/tools/synopsys/vcs/Q-2020.03-SP2-7/etc/uvm-1.2/base/uvm_base.svh'.
Parsing included file '/tools/synopsys/vcs/Q-2020.03-SP2-7/etc/uvm-1.2/base/uvm_spell_chkr.svh'.
Back to file '/tools/synopsys/vcs/Q-2020.03-SP2-7/etc/uvm-1.2/base/uvm_base.svh'.
Parsing included file '/tools/synopsys/vcs/Q-2020.03-SP2-7/etc/uvm-1.2/base/uvm_resource.svh'.
Back to file '/tools/synopsys/vcs/Q-2020.03-SP2-7/etc/uvm-1.2/base/uvm_base.svh'.
Parsing included file '/tools/synopsys/vcs/Q-2020.03-SP2-7/etc/uvm-1.2/base/uvm_resource_specializations.svh'.
Back to file '/tools/synopsys/vcs/Q-2020.03-SP2-7/etc/uvm-1.2/base/uvm_base.svh'.
Parsing included file '/tools/synopsys/vcs/Q-2020.03-SP2-7/etc/uvm-1.2/base/uvm_resource_db.svh'.
Back to file '/tools/synopsys/vcs/Q-2020.03-SP2-7/etc/uvm-1.2/base/uvm_base.svh'.
Parsing included file '/tools/synopsys/vcs/Q-2020.03-SP2-7/etc/uvm-1.2/base/uvm_config_db.svh'.
Back to file '/tools/synopsys/vcs/Q-2020.03-SP2-7/etc/uvm-1.2/base/uvm_base.svh'.
Parsing included file '/tools/synopsys/vcs/Q-2020.03-SP2-7/etc/uvm-1.2/base/uvm_printer.svh'.
Back to file '/tools/synopsys/vcs/Q-2020.03-SP2-7/etc/uvm-1.2/base/uvm_base.svh'.
Parsing included file '/tools/synopsys/vcs/Q-2020.03-SP2-7/etc/uvm-1.2/base/uvm_comparer.svh'.
Back to file '/tools/synopsys/vcs/Q-2020.03-SP2-7/etc/uvm-1.2/base/uvm_base.svh'.
Parsing included file '/tools/synopsys/vcs/Q-2020.03-SP2-7/etc/uvm-1.2/base/uvm_packer.svh'.
Back to file '/tools/synopsys/vcs/Q-2020.03-SP2-7/etc/uvm-1.2/base/uvm_base.svh'.
Parsing included file '/tools/synopsys/vcs/Q-2020.03-SP2-7/etc/uvm-1.2/base/uvm_links.svh'.
Back to file '/tools/synopsys/vcs/Q-2020.03-SP2-7/etc/uvm-1.2/base/uvm_base.svh'.
Parsing included file '/tools/synopsys/vcs/Q-2020.03-SP2-7/etc/uvm-1.2/base/uvm_tr_database.svh'.
Back to file '/tools/synopsys/vcs/Q-2020.03-SP2-7/etc/uvm-1.2/base/uvm_base.svh'.
Parsing included file '/tools/synopsys/vcs/Q-2020.03-SP2-7/etc/uvm-1.2/base/uvm_tr_stream.svh'.
Back to file '/tools/synopsys/vcs/Q-2020.03-SP2-7/etc/uvm-1.2/base/uvm_base.svh'.
Parsing included file '/tools/synopsys/vcs/Q-2020.03-SP2-7/etc/uvm-1.2/base/uvm_recorder.svh'.
Back to file '/tools/synopsys/vcs/Q-2020.03-SP2-7/etc/uvm-1.2/base/uvm_base.svh'.
Parsing included file '/tools/synopsys/vcs/Q-2020.03-SP2-7/etc/uvm-1.2/base/uvm_event_callback.svh'.
Back to file '/tools/synopsys/vcs/Q-2020.03-SP2-7/etc/uvm-1.2/base/uvm_base.svh'.
Parsing included file '/tools/synopsys/vcs/Q-2020.03-SP2-7/etc/uvm-1.2/base/uvm_event.svh'.
Back to file '/tools/synopsys/vcs/Q-2020.03-SP2-7/etc/uvm-1.2/base/uvm_base.svh'.
Parsing included file '/tools/synopsys/vcs/Q-2020.03-SP2-7/etc/uvm-1.2/base/uvm_barrier.svh'.
Back to file '/tools/synopsys/vcs/Q-2020.03-SP2-7/etc/uvm-1.2/base/uvm_base.svh'.
Parsing included file '/tools/synopsys/vcs/Q-2020.03-SP2-7/etc/uvm-1.2/base/uvm_callback.svh'.
Parsing included file '/tools/synopsys/vcs/Q-2020.03-SP2-7/etc/uvm-1.2/uvm_macros.svh'.
Back to file '/tools/synopsys/vcs/Q-2020.03-SP2-7/etc/uvm-1.2/base/uvm_callback.svh'.
Back to file '/tools/synopsys/vcs/Q-2020.03-SP2-7/etc/uvm-1.2/base/uvm_base.svh'.
Parsing included file '/tools/synopsys/vcs/Q-2020.03-SP2-7/etc/uvm-1.2/base/uvm_report_message.svh'.
Back to file '/tools/synopsys/vcs/Q-2020.03-SP2-7/etc/uvm-1.2/base/uvm_base.svh'.
Parsing included file '/tools/synopsys/vcs/Q-2020.03-SP2-7/etc/uvm-1.2/base/uvm_report_catcher.svh'.
Back to file '/tools/synopsys/vcs/Q-2020.03-SP2-7/etc/uvm-1.2/base/uvm_base.svh'.
Parsing included file '/tools/synopsys/vcs/Q-2020.03-SP2-7/etc/uvm-1.2/base/uvm_report_server.svh'.
Back to file '/tools/synopsys/vcs/Q-2020.03-SP2-7/etc/uvm-1.2/base/uvm_base.svh'.
Parsing included file '/tools/synopsys/vcs/Q-2020.03-SP2-7/etc/uvm-1.2/base/uvm_report_handler.svh'.
Back to file '/tools/synopsys/vcs/Q-2020.03-SP2-7/etc/uvm-1.2/base/uvm_base.svh'.
Parsing included file '/tools/synopsys/vcs/Q-2020.03-SP2-7/etc/uvm-1.2/base/uvm_report_object.svh'.
Back to file '/tools/synopsys/vcs/Q-2020.03-SP2-7/etc/uvm-1.2/base/uvm_base.svh'.
Parsing included file '/tools/synopsys/vcs/Q-2020.03-SP2-7/etc/uvm-1.2/base/uvm_transaction.svh'.
Back to file '/tools/synopsys/vcs/Q-2020.03-SP2-7/etc/uvm-1.2/base/uvm_base.svh'.
Parsing included file '/tools/synopsys/vcs/Q-2020.03-SP2-7/etc/uvm-1.2/base/uvm_phase.svh'.
Back to file '/tools/synopsys/vcs/Q-2020.03-SP2-7/etc/uvm-1.2/base/uvm_base.svh'.
Parsing included file '/tools/synopsys/vcs/Q-2020.03-SP2-7/etc/uvm-1.2/base/uvm_domain.svh'.
Back to file '/tools/synopsys/vcs/Q-2020.03-SP2-7/etc/uvm-1.2/base/uvm_base.svh'.
Parsing included file '/tools/synopsys/vcs/Q-2020.03-SP2-7/etc/uvm-1.2/base/uvm_bottomup_phase.svh'.
Back to file '/tools/synopsys/vcs/Q-2020.03-SP2-7/etc/uvm-1.2/base/uvm_base.svh'.
Parsing included file '/tools/synopsys/vcs/Q-2020.03-SP2-7/etc/uvm-1.2/base/uvm_topdown_phase.svh'.
Back to file '/tools/synopsys/vcs/Q-2020.03-SP2-7/etc/uvm-1.2/base/uvm_base.svh'.
Parsing included file '/tools/synopsys/vcs/Q-2020.03-SP2-7/etc/uvm-1.2/base/uvm_task_phase.svh'.
Back to file '/tools/synopsys/vcs/Q-2020.03-SP2-7/etc/uvm-1.2/base/uvm_base.svh'.
Parsing included file '/tools/synopsys/vcs/Q-2020.03-SP2-7/etc/uvm-1.2/base/uvm_common_phases.svh'.
Back to file '/tools/synopsys/vcs/Q-2020.03-SP2-7/etc/uvm-1.2/base/uvm_base.svh'.
Parsing included file '/tools/synopsys/vcs/Q-2020.03-SP2-7/etc/uvm-1.2/base/uvm_runtime_phases.svh'.
Back to file '/tools/synopsys/vcs/Q-2020.03-SP2-7/etc/uvm-1.2/base/uvm_base.svh'.
Parsing included file '/tools/synopsys/vcs/Q-2020.03-SP2-7/etc/uvm-1.2/base/uvm_component.svh'.
Parsing included file '/tools/synopsys/vcs/Q-2020.03-SP2-7/etc/uvm-1.2/base/uvm_root.svh'.
Back to file '/tools/synopsys/vcs/Q-2020.03-SP2-7/etc/uvm-1.2/base/uvm_component.svh'.
Back to file '/tools/synopsys/vcs/Q-2020.03-SP2-7/etc/uvm-1.2/base/uvm_base.svh'.
Parsing included file '/tools/synopsys/vcs/Q-2020.03-SP2-7/etc/uvm-1.2/base/uvm_objection.svh'.
Back to file '/tools/synopsys/vcs/Q-2020.03-SP2-7/etc/uvm-1.2/base/uvm_base.svh'.
Parsing included file '/tools/synopsys/vcs/Q-2020.03-SP2-7/etc/uvm-1.2/base/uvm_heartbeat.svh'.
Back to file '/tools/synopsys/vcs/Q-2020.03-SP2-7/etc/uvm-1.2/base/uvm_base.svh'.
Parsing included file '/tools/synopsys/vcs/Q-2020.03-SP2-7/etc/uvm-1.2/base/uvm_globals.svh'.
Back to file '/tools/synopsys/vcs/Q-2020.03-SP2-7/etc/uvm-1.2/base/uvm_base.svh'.
Parsing included file '/tools/synopsys/vcs/Q-2020.03-SP2-7/etc/uvm-1.2/base/uvm_cmdline_processor.svh'.
Back to file '/tools/synopsys/vcs/Q-2020.03-SP2-7/etc/uvm-1.2/base/uvm_base.svh'.
Parsing included file '/tools/synopsys/vcs/Q-2020.03-SP2-7/etc/uvm-1.2/base/uvm_traversal.svh'.
Back to file '/tools/synopsys/vcs/Q-2020.03-SP2-7/etc/uvm-1.2/base/uvm_base.svh'.
Back to file '/tools/synopsys/vcs/Q-2020.03-SP2-7/etc/uvm-1.2/uvm_pkg.sv'.
Parsing included file '/tools/synopsys/vcs/Q-2020.03-SP2-7/etc/uvm-1.2/dap/uvm_dap.svh'.
Parsing included file '/tools/synopsys/vcs/Q-2020.03-SP2-7/etc/uvm-1.2/dap/uvm_set_get_dap_base.svh'.
Back to file '/tools/synopsys/vcs/Q-2020.03-SP2-7/etc/uvm-1.2/dap/uvm_dap.svh'.
Parsing included file '/tools/synopsys/vcs/Q-2020.03-SP2-7/etc/uvm-1.2/dap/uvm_simple_lock_dap.svh'.
Back to file '/tools/synopsys/vcs/Q-2020.03-SP2-7/etc/uvm-1.2/dap/uvm_dap.svh'.
Parsing included file '/tools/synopsys/vcs/Q-2020.03-SP2-7/etc/uvm-1.2/dap/uvm_get_to_lock_dap.svh'.
Back to file '/tools/synopsys/vcs/Q-2020.03-SP2-7/etc/uvm-1.2/dap/uvm_dap.svh'.
Parsing included file '/tools/synopsys/vcs/Q-2020.03-SP2-7/etc/uvm-1.2/dap/uvm_set_before_get_dap.svh'.
Back to file '/tools/synopsys/vcs/Q-2020.03-SP2-7/etc/uvm-1.2/dap/uvm_dap.svh'.
Back to file '/tools/synopsys/vcs/Q-2020.03-SP2-7/etc/uvm-1.2/uvm_pkg.sv'.
Parsing included file '/tools/synopsys/vcs/Q-2020.03-SP2-7/etc/uvm-1.2/tlm1/uvm_tlm.svh'.
Parsing included file '/tools/synopsys/vcs/Q-2020.03-SP2-7/etc/uvm-1.2/tlm1/uvm_tlm_ifs.svh'.
Back to file '/tools/synopsys/vcs/Q-2020.03-SP2-7/etc/uvm-1.2/tlm1/uvm_tlm.svh'.
Parsing included file '/tools/synopsys/vcs/Q-2020.03-SP2-7/etc/uvm-1.2/tlm1/uvm_sqr_ifs.svh'.
Back to file '/tools/synopsys/vcs/Q-2020.03-SP2-7/etc/uvm-1.2/tlm1/uvm_tlm.svh'.
Parsing included file '/tools/synopsys/vcs/Q-2020.03-SP2-7/etc/uvm-1.2/base/uvm_port_base.svh'.
Back to file '/tools/synopsys/vcs/Q-2020.03-SP2-7/etc/uvm-1.2/tlm1/uvm_tlm.svh'.
Parsing included file '/tools/synopsys/vcs/Q-2020.03-SP2-7/etc/uvm-1.2/tlm1/uvm_tlm_imps.svh'.
Back to file '/tools/synopsys/vcs/Q-2020.03-SP2-7/etc/uvm-1.2/tlm1/uvm_tlm.svh'.
Parsing included file '/tools/synopsys/vcs/Q-2020.03-SP2-7/etc/uvm-1.2/tlm1/uvm_imps.svh'.
Back to file '/tools/synopsys/vcs/Q-2020.03-SP2-7/etc/uvm-1.2/tlm1/uvm_tlm.svh'.
Parsing included file '/tools/synopsys/vcs/Q-2020.03-SP2-7/etc/uvm-1.2/tlm1/uvm_ports.svh'.
Back to file '/tools/synopsys/vcs/Q-2020.03-SP2-7/etc/uvm-1.2/tlm1/uvm_tlm.svh'.
Parsing included file '/tools/synopsys/vcs/Q-2020.03-SP2-7/etc/uvm-1.2/tlm1/uvm_exports.svh'.
Back to file '/tools/synopsys/vcs/Q-2020.03-SP2-7/etc/uvm-1.2/tlm1/uvm_tlm.svh'.
Parsing included file '/tools/synopsys/vcs/Q-2020.03-SP2-7/etc/uvm-1.2/tlm1/uvm_analysis_port.svh'.
Back to file '/tools/synopsys/vcs/Q-2020.03-SP2-7/etc/uvm-1.2/tlm1/uvm_tlm.svh'.
Parsing included file '/tools/synopsys/vcs/Q-2020.03-SP2-7/etc/uvm-1.2/tlm1/uvm_tlm_fifo_base.svh'.
Back to file '/tools/synopsys/vcs/Q-2020.03-SP2-7/etc/uvm-1.2/tlm1/uvm_tlm.svh'.
Parsing included file '/tools/synopsys/vcs/Q-2020.03-SP2-7/etc/uvm-1.2/tlm1/uvm_tlm_fifos.svh'.
Back to file '/tools/synopsys/vcs/Q-2020.03-SP2-7/etc/uvm-1.2/tlm1/uvm_tlm.svh'.
Parsing included file '/tools/synopsys/vcs/Q-2020.03-SP2-7/etc/uvm-1.2/tlm1/uvm_tlm_req_rsp.svh'.
Back to file '/tools/synopsys/vcs/Q-2020.03-SP2-7/etc/uvm-1.2/tlm1/uvm_tlm.svh'.
Parsing included file '/tools/synopsys/vcs/Q-2020.03-SP2-7/etc/uvm-1.2/tlm1/uvm_sqr_connections.svh'.
Back to file '/tools/synopsys/vcs/Q-2020.03-SP2-7/etc/uvm-1.2/tlm1/uvm_tlm.svh'.
Back to file '/tools/synopsys/vcs/Q-2020.03-SP2-7/etc/uvm-1.2/uvm_pkg.sv'.
Parsing included file '/tools/synopsys/vcs/Q-2020.03-SP2-7/etc/uvm-1.2/comps/uvm_comps.svh'.
Parsing included file '/tools/synopsys/vcs/Q-2020.03-SP2-7/etc/uvm-1.2/comps/uvm_pair.svh'.
Back to file '/tools/synopsys/vcs/Q-2020.03-SP2-7/etc/uvm-1.2/comps/uvm_comps.svh'.
Parsing included file '/tools/synopsys/vcs/Q-2020.03-SP2-7/etc/uvm-1.2/comps/uvm_policies.svh'.
Back to file '/tools/synopsys/vcs/Q-2020.03-SP2-7/etc/uvm-1.2/comps/uvm_comps.svh'.
Parsing included file '/tools/synopsys/vcs/Q-2020.03-SP2-7/etc/uvm-1.2/comps/uvm_in_order_comparator.svh'.
Back to file '/tools/synopsys/vcs/Q-2020.03-SP2-7/etc/uvm-1.2/comps/uvm_comps.svh'.
Parsing included file '/tools/synopsys/vcs/Q-2020.03-SP2-7/etc/uvm-1.2/comps/uvm_algorithmic_comparator.svh'.
Back to file '/tools/synopsys/vcs/Q-2020.03-SP2-7/etc/uvm-1.2/comps/uvm_comps.svh'.
Parsing included file '/tools/synopsys/vcs/Q-2020.03-SP2-7/etc/uvm-1.2/comps/uvm_random_stimulus.svh'.
Back to file '/tools/synopsys/vcs/Q-2020.03-SP2-7/etc/uvm-1.2/comps/uvm_comps.svh'.
Parsing included file '/tools/synopsys/vcs/Q-2020.03-SP2-7/etc/uvm-1.2/comps/uvm_subscriber.svh'.
Back to file '/tools/synopsys/vcs/Q-2020.03-SP2-7/etc/uvm-1.2/comps/uvm_comps.svh'.
Parsing included file '/tools/synopsys/vcs/Q-2020.03-SP2-7/etc/uvm-1.2/comps/uvm_monitor.svh'.
Back to file '/tools/synopsys/vcs/Q-2020.03-SP2-7/etc/uvm-1.2/comps/uvm_comps.svh'.
Parsing included file '/tools/synopsys/vcs/Q-2020.03-SP2-7/etc/uvm-1.2/comps/uvm_driver.svh'.
Back to file '/tools/synopsys/vcs/Q-2020.03-SP2-7/etc/uvm-1.2/comps/uvm_comps.svh'.
Parsing included file '/tools/synopsys/vcs/Q-2020.03-SP2-7/etc/uvm-1.2/comps/uvm_push_driver.svh'.
Back to file '/tools/synopsys/vcs/Q-2020.03-SP2-7/etc/uvm-1.2/comps/uvm_comps.svh'.
Parsing included file '/tools/synopsys/vcs/Q-2020.03-SP2-7/etc/uvm-1.2/comps/uvm_scoreboard.svh'.
Back to file '/tools/synopsys/vcs/Q-2020.03-SP2-7/etc/uvm-1.2/comps/uvm_comps.svh'.
Parsing included file '/tools/synopsys/vcs/Q-2020.03-SP2-7/etc/uvm-1.2/comps/uvm_agent.svh'.
Back to file '/tools/synopsys/vcs/Q-2020.03-SP2-7/etc/uvm-1.2/comps/uvm_comps.svh'.
Parsing included file '/tools/synopsys/vcs/Q-2020.03-SP2-7/etc/uvm-1.2/comps/uvm_env.svh'.
Back to file '/tools/synopsys/vcs/Q-2020.03-SP2-7/etc/uvm-1.2/comps/uvm_comps.svh'.
Parsing included file '/tools/synopsys/vcs/Q-2020.03-SP2-7/etc/uvm-1.2/comps/uvm_test.svh'.
Back to file '/tools/synopsys/vcs/Q-2020.03-SP2-7/etc/uvm-1.2/comps/uvm_comps.svh'.
Back to file '/tools/synopsys/vcs/Q-2020.03-SP2-7/etc/uvm-1.2/uvm_pkg.sv'.
Parsing included file '/tools/synopsys/vcs/Q-2020.03-SP2-7/etc/uvm-1.2/seq/uvm_seq.svh'.
Parsing included file '/tools/synopsys/vcs/Q-2020.03-SP2-7/etc/uvm-1.2/seq/uvm_sequence_item.svh'.
Back to file '/tools/synopsys/vcs/Q-2020.03-SP2-7/etc/uvm-1.2/seq/uvm_seq.svh'.
Parsing included file '/tools/synopsys/vcs/Q-2020.03-SP2-7/etc/uvm-1.2/seq/uvm_sequencer_base.svh'.
Back to file '/tools/synopsys/vcs/Q-2020.03-SP2-7/etc/uvm-1.2/seq/uvm_seq.svh'.
Parsing included file '/tools/synopsys/vcs/Q-2020.03-SP2-7/etc/uvm-1.2/seq/uvm_sequencer_analysis_fifo.svh'.
Back to file '/tools/synopsys/vcs/Q-2020.03-SP2-7/etc/uvm-1.2/seq/uvm_seq.svh'.
Parsing included file '/tools/synopsys/vcs/Q-2020.03-SP2-7/etc/uvm-1.2/seq/uvm_sequencer_param_base.svh'.
Back to file '/tools/synopsys/vcs/Q-2020.03-SP2-7/etc/uvm-1.2/seq/uvm_seq.svh'.
Parsing included file '/tools/synopsys/vcs/Q-2020.03-SP2-7/etc/uvm-1.2/seq/uvm_sequencer.svh'.
Back to file '/tools/synopsys/vcs/Q-2020.03-SP2-7/etc/uvm-1.2/seq/uvm_seq.svh'.
Parsing included file '/tools/synopsys/vcs/Q-2020.03-SP2-7/etc/uvm-1.2/seq/uvm_push_sequencer.svh'.
Back to file '/tools/synopsys/vcs/Q-2020.03-SP2-7/etc/uvm-1.2/seq/uvm_seq.svh'.
Parsing included file '/tools/synopsys/vcs/Q-2020.03-SP2-7/etc/uvm-1.2/seq/uvm_sequence_base.svh'.
Back to file '/tools/synopsys/vcs/Q-2020.03-SP2-7/etc/uvm-1.2/seq/uvm_seq.svh'.
Parsing included file '/tools/synopsys/vcs/Q-2020.03-SP2-7/etc/uvm-1.2/seq/uvm_sequence.svh'.
Back to file '/tools/synopsys/vcs/Q-2020.03-SP2-7/etc/uvm-1.2/seq/uvm_seq.svh'.
Parsing included file '/tools/synopsys/vcs/Q-2020.03-SP2-7/etc/uvm-1.2/seq/uvm_sequence_library.svh'.
Back to file '/tools/synopsys/vcs/Q-2020.03-SP2-7/etc/uvm-1.2/seq/uvm_seq.svh'.
Parsing included file '/tools/synopsys/vcs/Q-2020.03-SP2-7/etc/uvm-1.2/seq/uvm_sequence_builtin.svh'.
Back to file '/tools/synopsys/vcs/Q-2020.03-SP2-7/etc/uvm-1.2/seq/uvm_seq.svh'.
Back to file '/tools/synopsys/vcs/Q-2020.03-SP2-7/etc/uvm-1.2/uvm_pkg.sv'.
Parsing included file '/tools/synopsys/vcs/Q-2020.03-SP2-7/etc/uvm-1.2/tlm2/uvm_tlm2.svh'.
Parsing included file '/tools/synopsys/vcs/Q-2020.03-SP2-7/etc/uvm-1.2/tlm2/uvm_tlm2_defines.svh'.
Back to file '/tools/synopsys/vcs/Q-2020.03-SP2-7/etc/uvm-1.2/tlm2/uvm_tlm2.svh'.
Parsing included file '/tools/synopsys/vcs/Q-2020.03-SP2-7/etc/uvm-1.2/tlm2/uvm_tlm2_time.svh'.
Back to file '/tools/synopsys/vcs/Q-2020.03-SP2-7/etc/uvm-1.2/tlm2/uvm_tlm2.svh'.
Parsing included file '/tools/synopsys/vcs/Q-2020.03-SP2-7/etc/uvm-1.2/tlm2/uvm_tlm2_generic_payload.svh'.
Back to file '/tools/synopsys/vcs/Q-2020.03-SP2-7/etc/uvm-1.2/tlm2/uvm_tlm2.svh'.
Parsing included file '/tools/synopsys/vcs/Q-2020.03-SP2-7/etc/uvm-1.2/tlm2/uvm_tlm2_ifs.svh'.
Back to file '/tools/synopsys/vcs/Q-2020.03-SP2-7/etc/uvm-1.2/tlm2/uvm_tlm2.svh'.
Parsing included file '/tools/synopsys/vcs/Q-2020.03-SP2-7/etc/uvm-1.2/tlm2/uvm_tlm2_imps.svh'.
Back to file '/tools/synopsys/vcs/Q-2020.03-SP2-7/etc/uvm-1.2/tlm2/uvm_tlm2.svh'.
Parsing included file '/tools/synopsys/vcs/Q-2020.03-SP2-7/etc/uvm-1.2/tlm2/uvm_tlm2_ports.svh'.
Back to file '/tools/synopsys/vcs/Q-2020.03-SP2-7/etc/uvm-1.2/tlm2/uvm_tlm2.svh'.
Parsing included file '/tools/synopsys/vcs/Q-2020.03-SP2-7/etc/uvm-1.2/tlm2/uvm_tlm2_exports.svh'.
Back to file '/tools/synopsys/vcs/Q-2020.03-SP2-7/etc/uvm-1.2/tlm2/uvm_tlm2.svh'.
Parsing included file '/tools/synopsys/vcs/Q-2020.03-SP2-7/etc/uvm-1.2/tlm2/uvm_tlm2_sockets_base.svh'.
Back to file '/tools/synopsys/vcs/Q-2020.03-SP2-7/etc/uvm-1.2/tlm2/uvm_tlm2.svh'.
Parsing included file '/tools/synopsys/vcs/Q-2020.03-SP2-7/etc/uvm-1.2/tlm2/uvm_tlm2_sockets.svh'.
Back to file '/tools/synopsys/vcs/Q-2020.03-SP2-7/etc/uvm-1.2/tlm2/uvm_tlm2.svh'.
Back to file '/tools/synopsys/vcs/Q-2020.03-SP2-7/etc/uvm-1.2/uvm_pkg.sv'.
Parsing included file '/tools/synopsys/vcs/Q-2020.03-SP2-7/etc/uvm-1.2/reg/uvm_reg_model.svh'.
Parsing included file '/tools/synopsys/vcs/Q-2020.03-SP2-7/etc/uvm-1.2/reg/uvm_reg_item.svh'.
Back to file '/tools/synopsys/vcs/Q-2020.03-SP2-7/etc/uvm-1.2/reg/uvm_reg_model.svh'.
Parsing included file '/tools/synopsys/vcs/Q-2020.03-SP2-7/etc/uvm-1.2/reg/uvm_reg_adapter.svh'.
Back to file '/tools/synopsys/vcs/Q-2020.03-SP2-7/etc/uvm-1.2/reg/uvm_reg_model.svh'.
Parsing included file '/tools/synopsys/vcs/Q-2020.03-SP2-7/etc/uvm-1.2/reg/uvm_reg_predictor.svh'.
Back to file '/tools/synopsys/vcs/Q-2020.03-SP2-7/etc/uvm-1.2/reg/uvm_reg_model.svh'.
Parsing included file '/tools/synopsys/vcs/Q-2020.03-SP2-7/etc/uvm-1.2/reg/uvm_reg_sequence.svh'.
Back to file '/tools/synopsys/vcs/Q-2020.03-SP2-7/etc/uvm-1.2/reg/uvm_reg_model.svh'.
Parsing included file '/tools/synopsys/vcs/Q-2020.03-SP2-7/etc/uvm-1.2/reg/uvm_reg_cbs.svh'.
Back to file '/tools/synopsys/vcs/Q-2020.03-SP2-7/etc/uvm-1.2/reg/uvm_reg_model.svh'.
Parsing included file '/tools/synopsys/vcs/Q-2020.03-SP2-7/etc/uvm-1.2/reg/uvm_reg_backdoor.svh'.
Back to file '/tools/synopsys/vcs/Q-2020.03-SP2-7/etc/uvm-1.2/reg/uvm_reg_model.svh'.
Parsing included file '/tools/synopsys/vcs/Q-2020.03-SP2-7/etc/uvm-1.2/reg/uvm_reg_field.svh'.
Back to file '/tools/synopsys/vcs/Q-2020.03-SP2-7/etc/uvm-1.2/reg/uvm_reg_model.svh'.
Parsing included file '/tools/synopsys/vcs/Q-2020.03-SP2-7/etc/uvm-1.2/reg/uvm_vreg_field.svh'.
Back to file '/tools/synopsys/vcs/Q-2020.03-SP2-7/etc/uvm-1.2/reg/uvm_reg_model.svh'.
Parsing included file '/tools/synopsys/vcs/Q-2020.03-SP2-7/etc/uvm-1.2/reg/uvm_reg.svh'.
Back to file '/tools/synopsys/vcs/Q-2020.03-SP2-7/etc/uvm-1.2/reg/uvm_reg_model.svh'.
Parsing included file '/tools/synopsys/vcs/Q-2020.03-SP2-7/etc/uvm-1.2/reg/uvm_reg_indirect.svh'.
Back to file '/tools/synopsys/vcs/Q-2020.03-SP2-7/etc/uvm-1.2/reg/uvm_reg_model.svh'.
Parsing included file '/tools/synopsys/vcs/Q-2020.03-SP2-7/etc/uvm-1.2/reg/uvm_reg_fifo.svh'.
Back to file '/tools/synopsys/vcs/Q-2020.03-SP2-7/etc/uvm-1.2/reg/uvm_reg_model.svh'.
Parsing included file '/tools/synopsys/vcs/Q-2020.03-SP2-7/etc/uvm-1.2/reg/uvm_reg_file.svh'.
Back to file '/tools/synopsys/vcs/Q-2020.03-SP2-7/etc/uvm-1.2/reg/uvm_reg_model.svh'.
Parsing included file '/tools/synopsys/vcs/Q-2020.03-SP2-7/etc/uvm-1.2/reg/uvm_mem_mam.svh'.
Back to file '/tools/synopsys/vcs/Q-2020.03-SP2-7/etc/uvm-1.2/reg/uvm_reg_model.svh'.
Parsing included file '/tools/synopsys/vcs/Q-2020.03-SP2-7/etc/uvm-1.2/reg/uvm_vreg.svh'.
Back to file '/tools/synopsys/vcs/Q-2020.03-SP2-7/etc/uvm-1.2/reg/uvm_reg_model.svh'.
Parsing included file '/tools/synopsys/vcs/Q-2020.03-SP2-7/etc/uvm-1.2/reg/uvm_mem.svh'.
Back to file '/tools/synopsys/vcs/Q-2020.03-SP2-7/etc/uvm-1.2/reg/uvm_reg_model.svh'.
Parsing included file '/tools/synopsys/vcs/Q-2020.03-SP2-7/etc/uvm-1.2/reg/uvm_reg_map.svh'.
Back to file '/tools/synopsys/vcs/Q-2020.03-SP2-7/etc/uvm-1.2/reg/uvm_reg_model.svh'.
Parsing included file '/tools/synopsys/vcs/Q-2020.03-SP2-7/etc/uvm-1.2/reg/uvm_reg_block.svh'.
Back to file '/tools/synopsys/vcs/Q-2020.03-SP2-7/etc/uvm-1.2/reg/uvm_reg_model.svh'.
Parsing included file '/tools/synopsys/vcs/Q-2020.03-SP2-7/etc/uvm-1.2/reg/sequences/uvm_reg_hw_reset_seq.svh'.
Back to file '/tools/synopsys/vcs/Q-2020.03-SP2-7/etc/uvm-1.2/reg/uvm_reg_model.svh'.
Parsing included file '/tools/synopsys/vcs/Q-2020.03-SP2-7/etc/uvm-1.2/reg/sequences/uvm_reg_bit_bash_seq.svh'.
Back to file '/tools/synopsys/vcs/Q-2020.03-SP2-7/etc/uvm-1.2/reg/uvm_reg_model.svh'.
Parsing included file '/tools/synopsys/vcs/Q-2020.03-SP2-7/etc/uvm-1.2/reg/sequences/uvm_mem_walk_seq.svh'.
Back to file '/tools/synopsys/vcs/Q-2020.03-SP2-7/etc/uvm-1.2/reg/uvm_reg_model.svh'.
Parsing included file '/tools/synopsys/vcs/Q-2020.03-SP2-7/etc/uvm-1.2/reg/sequences/uvm_mem_access_seq.svh'.
Back to file '/tools/synopsys/vcs/Q-2020.03-SP2-7/etc/uvm-1.2/reg/uvm_reg_model.svh'.
Parsing included file '/tools/synopsys/vcs/Q-2020.03-SP2-7/etc/uvm-1.2/reg/sequences/uvm_reg_access_seq.svh'.
Back to file '/tools/synopsys/vcs/Q-2020.03-SP2-7/etc/uvm-1.2/reg/uvm_reg_model.svh'.
Parsing included file '/tools/synopsys/vcs/Q-2020.03-SP2-7/etc/uvm-1.2/reg/sequences/uvm_reg_mem_shared_access_seq.svh'.
Back to file '/tools/synopsys/vcs/Q-2020.03-SP2-7/etc/uvm-1.2/reg/uvm_reg_model.svh'.
Parsing included file '/tools/synopsys/vcs/Q-2020.03-SP2-7/etc/uvm-1.2/reg/sequences/uvm_reg_mem_built_in_seq.svh'.
Back to file '/tools/synopsys/vcs/Q-2020.03-SP2-7/etc/uvm-1.2/reg/uvm_reg_model.svh'.
Parsing included file '/tools/synopsys/vcs/Q-2020.03-SP2-7/etc/uvm-1.2/reg/sequences/uvm_reg_mem_hdl_paths_seq.svh'.
Back to file '/tools/synopsys/vcs/Q-2020.03-SP2-7/etc/uvm-1.2/reg/uvm_reg_model.svh'.
Parsing included file '/tools/synopsys/vcs/Q-2020.03-SP2-7/etc/uvm-1.2/reg/snps_uvm_reg_bank.svh'.
Back to file '/tools/synopsys/vcs/Q-2020.03-SP2-7/etc/uvm-1.2/reg/uvm_reg_model.svh'.
Back to file '/tools/synopsys/vcs/Q-2020.03-SP2-7/etc/uvm-1.2/uvm_pkg.sv'.
Parsing included file '/tools/synopsys/vcs/Q-2020.03-SP2-7/etc/uvm-1.2/vcs/vcs_uvm_alt.sv'.
Back to file '/tools/synopsys/vcs/Q-2020.03-SP2-7/etc/uvm-1.2/uvm_pkg.sv'.
Back to file '/tools/synopsys/vcs/Q-2020.03-SP2-7/etc/uvm-1.2/uvm.sv'.
Parsing included file '/tools/synopsys/vcs/Q-2020.03-SP2-7/etc/uvm-1.2/vcs/snps_reg.svh'.
Back to file '/tools/synopsys/vcs/Q-2020.03-SP2-7/etc/uvm-1.2/uvm.sv'.
Parsing design file '../th/vsrc/debug_rob.v'
Parsing design file '../th/vsrc/ClockDivider2.v'
Parsing design file '../th/vsrc/ClockDivider3.v'
Parsing design file '../th/vsrc/AsyncResetReg.v'
Parsing design file '../th/vsrc/EICG_wrapper.v'
Parsing design file '../th/compile_dest/IntXbar.sv'
Parsing design file '../th/compile_dest/NonSyncResetSynchronizerPrimitiveShiftReg_d3.sv'
Parsing design file '../th/compile_dest/SynchronizerShiftReg_w2_d3.sv'
Parsing design file '../th/compile_dest/IntSyncAsyncCrossingSink.sv'
Parsing design file '../th/compile_dest/AsyncResetRegVec_w2_i0.sv'
Parsing design file '../th/compile_dest/IntSyncCrossingSource.sv'
Parsing design file '../th/compile_dest/FixedClockBroadcast.sv'
Parsing design file '../th/compile_dest/extern_modules.sv'
Parsing design file '../th/compile_dest/TLMonitor.sv'
Parsing design file '../th/compile_dest/TLMonitor_1.sv'
Parsing design file '../th/compile_dest/TLXbar.sv'
Parsing design file '../th/compile_dest/TLMonitor_2.sv'
Parsing design file '../th/compile_dest/TLMonitor_3.sv'
Parsing design file '../th/compile_dest/TLFIFOFixer.sv'
Parsing design file '../th/compile_dest/ram_2x60.sv'
Parsing design file '../th/compile_dest/Queue2_AXI4BundleAW.sv'
Parsing design file '../th/compile_dest/ram_2x73.sv'
Parsing design file '../th/compile_dest/Queue2_AXI4BundleW.sv'
Parsing design file '../th/compile_dest/ram_2x6.sv'
Parsing design file '../th/compile_dest/Queue2_AXI4BundleB.sv'
Parsing design file '../th/compile_dest/ram_2x71.sv'
Parsing design file '../th/compile_dest/Queue2_AXI4BundleR.sv'
Parsing design file '../th/compile_dest/AXI4Buffer.sv'
Parsing design file '../th/compile_dest/ram_2x12.sv'
Parsing design file '../th/compile_dest/Queue2_BundleMap.sv'
Parsing design file '../th/compile_dest/ram_9x12.sv'
Parsing design file '../th/compile_dest/Queue9_BundleMap.sv'
Parsing design file '../th/compile_dest/Queue1_BundleMap.sv'
Parsing design file '../th/compile_dest/AXI4UserYanker.sv'
Parsing design file '../th/compile_dest/ram_8x83.sv'
Parsing design file '../th/compile_dest/Queue8_AXI4BundleR.sv'
Parsing design file '../th/compile_dest/AXI4Deinterleaver.sv'
Parsing design file '../th/compile_dest/AXI4IdIndexer.sv'
Parsing design file '../th/compile_dest/TLMonitor_4.sv'
Parsing design file '../th/compile_dest/Queue1_AXI4BundleW.sv'
Parsing design file '../th/compile_dest/Queue1_AXI4BundleARW.sv'
Parsing design file '../th/compile_dest/TLToAXI4.sv'
Parsing design file '../th/compile_dest/TLInterconnectCoupler_4.sv'
Parsing design file '../th/compile_dest/SystemBus.sv'
Parsing design file '../th/compile_dest/PeripheryBus.sv'
Parsing design file '../th/compile_dest/TLMonitor_5.sv'
Parsing design file '../th/compile_dest/ram_2x126.sv'
Parsing design file '../th/compile_dest/Queue2_TLBundleA.sv'
Parsing design file '../th/compile_dest/ram_2x81.sv'
Parsing design file '../th/compile_dest/Queue2_TLBundleD.sv'
Parsing design file '../th/compile_dest/TLBuffer_2.sv'
Parsing design file '../th/compile_dest/TLMonitor_6.sv'
Parsing design file '../th/compile_dest/TLBuffer_3.sv'
Parsing design file '../th/compile_dest/TLMonitor_7.sv'
Parsing design file '../th/compile_dest/TLFIFOFixer_2.sv'
Parsing design file '../th/compile_dest/Queue1_AXI4BundleR.sv'
Parsing design file '../th/compile_dest/Queue1_AXI4BundleB.sv'
Parsing design file '../th/compile_dest/AXI4ToTL.sv'
Parsing design file '../th/compile_dest/ram_4x8.sv'
Parsing design file '../th/compile_dest/Queue4_BundleMap.sv'
Parsing design file '../th/compile_dest/AXI4UserYanker_1.sv'
Parsing design file '../th/compile_dest/Queue1_AXI4BundleAR.sv'
Parsing design file '../th/compile_dest/AXI4Fragmenter.sv'
Parsing design file '../th/compile_dest/AXI4IdIndexer_1.sv'
Parsing design file '../th/compile_dest/TLInterconnectCoupler_5.sv'
Parsing design file '../th/compile_dest/FixedClockBroadcast_3.sv'
Parsing design file '../th/compile_dest/TLMonitor_8.sv'
Parsing design file '../th/compile_dest/TLFIFOFixer_3.sv'
Parsing design file '../th/compile_dest/TLMonitor_9.sv'
Parsing design file '../th/compile_dest/TLXbar_5.sv'
Parsing design file '../th/compile_dest/TLMonitor_10.sv'
Parsing design file '../th/compile_dest/ram_2x118.sv'
Parsing design file '../th/compile_dest/Queue2_TLBundleA_2.sv'
Parsing design file '../th/compile_dest/ram_2x83.sv'
Parsing design file '../th/compile_dest/Queue2_TLBundleD_2.sv'
Parsing design file '../th/compile_dest/TLBuffer_4.sv'
Parsing design file '../th/compile_dest/TLMonitor_11.sv'
Parsing design file '../th/compile_dest/TLAtomicAutomata_1.sv'
Parsing design file '../th/compile_dest/TLMonitor_12.sv'
Parsing design file '../th/compile_dest/Queue1_TLBundleA.sv'
Parsing design file '../th/compile_dest/TLError.sv'
Parsing design file '../th/compile_dest/TLMonitor_13.sv'
Parsing design file '../th/compile_dest/ram_2x104.sv'
Parsing design file '../th/compile_dest/Queue2_TLBundleA_3.sv'
Parsing design file '../th/compile_dest/TLBuffer_5.sv'
Parsing design file '../th/compile_dest/ErrorDeviceWrapper.sv'
Parsing design file '../th/compile_dest/TLMonitor_14.sv'
Parsing design file '../th/compile_dest/Repeater.sv'
Parsing design file '../th/compile_dest/TLFragmenter.sv'
Parsing design file '../th/compile_dest/TLInterconnectCoupler_7.sv'
Parsing design file '../th/compile_dest/TLMonitor_15.sv'
Parsing design file '../th/compile_dest/Repeater_1.sv'
Parsing design file '../th/compile_dest/TLFragmenter_1.sv'
Parsing design file '../th/compile_dest/TLInterconnectCoupler_8.sv'
Parsing design file '../th/compile_dest/TLMonitor_16.sv'
Parsing design file '../th/compile_dest/Repeater_2.sv'
Parsing design file '../th/compile_dest/TLFragmenter_2.sv'
Parsing design file '../th/compile_dest/TLInterconnectCoupler_9.sv'
Parsing design file '../th/compile_dest/TLMonitor_17.sv'
Parsing design file '../th/compile_dest/Repeater_3.sv'
Parsing design file '../th/compile_dest/TLFragmenter_3.sv'
Parsing design file '../th/compile_dest/TLInterconnectCoupler_11.sv'
Parsing design file '../th/compile_dest/PeripheryBus_1.sv'
Parsing design file '../th/compile_dest/TLMonitor_18.sv'
Parsing design file '../th/compile_dest/TLFIFOFixer_4.sv'
Parsing design file '../th/compile_dest/TLMonitor_19.sv'
Parsing design file '../th/compile_dest/ProbePicker.sv'
Parsing design file '../th/compile_dest/ram_32x18.sv'
Parsing design file '../th/compile_dest/Queue32_BundleMap.sv'
Parsing design file '../th/compile_dest/AXI4UserYanker_2.sv'
Parsing design file '../th/compile_dest/AXI4IdIndexer_2.sv'
Parsing design file '../th/compile_dest/TLMonitor_20.sv'
Parsing design file '../th/compile_dest/Queue1_AXI4BundleARW_1.sv'
Parsing design file '../th/compile_dest/TLToAXI4_1.sv'
Parsing design file '../th/compile_dest/TLInterconnectCoupler_12.sv'
Parsing design file '../th/compile_dest/MemoryBus.sv'
Parsing design file '../th/compile_dest/TLMonitor_21.sv'
Parsing design file '../th/compile_dest/BroadcastFilter.sv'
Parsing design file '../th/compile_dest/ram_8x72.sv'
Parsing design file '../th/compile_dest/Queue8_TLBroadcastData.sv'
Parsing design file '../th/compile_dest/TLBroadcastTracker.sv'
Parsing design file '../th/compile_dest/TLBroadcastTracker_1.sv'
Parsing design file '../th/compile_dest/TLBroadcastTracker_2.sv'
Parsing design file '../th/compile_dest/TLBroadcastTracker_3.sv'
Parsing design file '../th/compile_dest/TLBroadcast.sv'
Parsing design file '../th/compile_dest/TLMonitor_22.sv'
Parsing design file '../th/compile_dest/BankBinder.sv'
Parsing design file '../th/compile_dest/CoherenceManagerWrapper.sv'
Parsing design file '../th/compile_dest/TLMonitor_23.sv'
Parsing design file '../th/compile_dest/TLMonitor_24.sv'
Parsing design file '../th/compile_dest/TLXbar_8.sv'
Parsing design file '../th/compile_dest/IntXbar_1.sv'
Parsing design file '../th/compile_dest/array_128x112.sv'
Parsing design file '../th/compile_dest/SRAMTemplate.sv'
Parsing design file '../th/compile_dest/MetaArray.sv'
Parsing design file '../th/compile_dest/array_0_128x64.sv'
Parsing design file '../th/compile_dest/SRAMTemplate_1.sv'
Parsing design file '../th/compile_dest/DataSRAMBank.sv'
Parsing design file '../th/compile_dest/DataArray.sv'
Parsing design file '../th/compile_dest/AMOALU.sv'
Parsing design file '../th/compile_dest/ReplayModule.sv'
Parsing design file '../th/compile_dest/Arbiter8_Bool.sv'
Parsing design file '../th/compile_dest/Arbiter2_Type.sv'
Parsing design file '../th/compile_dest/ram_8x3.sv'
Parsing design file '../th/compile_dest/Queue8_UInt3.sv'
Parsing design file '../th/compile_dest/MSHR.sv'
Parsing design file '../th/compile_dest/MSHRFile.sv'
Parsing design file '../th/compile_dest/MyQueue.sv'
Parsing design file '../th/compile_dest/IOMSHR.sv'
Parsing design file '../th/compile_dest/IOMSHRFile.sv'
Parsing design file '../th/compile_dest/MSHRWrapper.sv'
Parsing design file '../th/compile_dest/WritebackEntry.sv'
Parsing design file '../th/compile_dest/WritebackEntry_1.sv'
Parsing design file '../th/compile_dest/WritebackEntry_2.sv'
Parsing design file '../th/compile_dest/WritebackEntry_3.sv'
Parsing design file '../th/compile_dest/WritebackEntry_4.sv'
Parsing design file '../th/compile_dest/WritebackEntry_5.sv'
Parsing design file '../th/compile_dest/WritebackEntry_6.sv'
Parsing design file '../th/compile_dest/WritebackEntry_7.sv'
Parsing design file '../th/compile_dest/WritebackQueue.sv'
Parsing design file '../th/compile_dest/ProbeQueue.sv'
Parsing design file '../th/compile_dest/SearchableQueue.sv'
Parsing design file '../th/compile_dest/MyQueue_1.sv'
Parsing design file '../th/compile_dest/MyQueue_2.sv'
Parsing design file '../th/compile_dest/Arbiter2_UInt5.sv'
Parsing design file '../th/compile_dest/RefillQueue.sv'
Parsing design file '../th/compile_dest/Queue1_TLBundleE.sv'
Parsing design file '../th/compile_dest/RefillQueueWrapper.sv'
Parsing design file '../th/compile_dest/Arbiter3_MainPipeReq.sv'
Parsing design file '../th/compile_dest/Arbiter2_WritebackReq.sv'
Parsing design file '../th/compile_dest/GPCDCache.sv'
Parsing design file '../th/compile_dest/OptimizationBarrier.sv'
Parsing design file '../th/compile_dest/PMPChecker.sv'
Parsing design file '../th/compile_dest/TLB.sv'
Parsing design file '../th/compile_dest/GPCDCacheWrapper.sv'
Parsing design file '../th/compile_dest/MaxPeriodFibonacciLFSR.sv'
Parsing design file '../th/compile_dest/tag_array_128x84.sv'
Parsing design file '../th/compile_dest/data_arrays_512x256.sv'
Parsing design file '../th/compile_dest/ICache.sv'
Parsing design file '../th/compile_dest/mem_4096x2.sv'
Parsing design file '../th/compile_dest/mem_512x6.sv'
Parsing design file '../th/compile_dest/targetTable_8x8.sv'
Parsing design file '../th/compile_dest/BTB.sv'
Parsing design file '../th/compile_dest/TLB_1.sv'
Parsing design file '../th/compile_dest/RVCExpander.sv'
Parsing design file '../th/compile_dest/PreDecoder.sv'
Parsing design file '../th/compile_dest/FetchBuffer.sv'
Parsing design file '../th/compile_dest/FrontendGpc.sv'
Parsing design file '../th/compile_dest/TLMonitor_25.sv'
Parsing design file '../th/compile_dest/Repeater_4.sv'
Parsing design file '../th/compile_dest/TLWidthWidget_10.sv'
Parsing design file '../th/compile_dest/FPUDecoder.sv'
Parsing design file '../th/compile_dest/MulAddRecFNToRaw_preMul.sv'
Parsing design file '../th/compile_dest/MulAddRecFNToRaw_postMul.sv'
Parsing design file '../th/compile_dest/RoundAnyRawFNToRecFN.sv'
Parsing design file '../th/compile_dest/RoundRawFNToRecFN.sv'
Parsing design file '../th/compile_dest/MulAddRecFNPipe.sv'
Parsing design file '../th/compile_dest/FPUFMAPipe.sv'
Parsing design file '../th/compile_dest/CompareRecFN.sv'
Parsing design file '../th/compile_dest/RecFNToIN.sv'
Parsing design file '../th/compile_dest/RecFNToIN_1.sv'
Parsing design file '../th/compile_dest/FPToInt.sv'
Parsing design file '../th/compile_dest/RoundAnyRawFNToRecFN_1.sv'
Parsing design file '../th/compile_dest/INToRecFN.sv'
Parsing design file '../th/compile_dest/RoundAnyRawFNToRecFN_2.sv'
Parsing design file '../th/compile_dest/INToRecFN_1.sv'
Parsing design file '../th/compile_dest/IntToFP.sv'
Parsing design file '../th/compile_dest/RoundAnyRawFNToRecFN_3.sv'
Parsing design file '../th/compile_dest/RecFNToRecFN.sv'
Parsing design file '../th/compile_dest/FPToFP.sv'
Parsing design file '../th/compile_dest/MulAddRecFNToRaw_preMul_1.sv'
Parsing design file '../th/compile_dest/MulAddRecFNToRaw_postMul_1.sv'
Parsing design file '../th/compile_dest/RoundAnyRawFNToRecFN_4.sv'
Parsing design file '../th/compile_dest/RoundRawFNToRecFN_1.sv'
Parsing design file '../th/compile_dest/MulAddRecFNPipe_1.sv'
Parsing design file '../th/compile_dest/FPUFMAPipe_1.sv'
Parsing design file '../th/compile_dest/DivSqrtRawFN_small.sv'
Parsing design file '../th/compile_dest/DivSqrtRecFNToRaw_small.sv'
Parsing design file '../th/compile_dest/DivSqrtRecFN_small.sv'
Parsing design file '../th/compile_dest/DivSqrtRawFN_small_1.sv'
Parsing design file '../th/compile_dest/DivSqrtRecFNToRaw_small_1.sv'
Parsing design file '../th/compile_dest/DivSqrtRecFN_small_1.sv'
Parsing design file '../th/compile_dest/regfile_32x65.sv'
Parsing design file '../th/compile_dest/FPU.sv'
Parsing design file '../th/compile_dest/HellaCacheArbiter.sv'
Parsing design file '../th/compile_dest/Arbiter2_Valid_PTWReq.sv'
Parsing design file '../th/compile_dest/OptimizationBarrier_28.sv'
Parsing design file '../th/compile_dest/OptimizationBarrier_29.sv'
Parsing design file '../th/compile_dest/PTW.sv'
Parsing design file '../th/compile_dest/CSRFile.sv'
Parsing design file '../th/compile_dest/BreakpointUnit.sv'
Parsing design file '../th/compile_dest/ALU.sv'
Parsing design file '../th/compile_dest/MulDiv.sv'
Parsing design file '../th/compile_dest/UvmVerification.sv'
Parsing design file '../th/compile_dest/rf_31x64.sv'
Parsing design file '../th/compile_dest/Gpc.sv'
Parsing design file '../th/compile_dest/GpcTile.sv'
Parsing design file '../th/compile_dest/TLMonitor_26.sv'
Parsing design file '../th/compile_dest/ram_2x121.sv'
Parsing design file '../th/compile_dest/Queue2_TLBundleA_4.sv'
Parsing design file '../th/compile_dest/Queue2_TLBundleD_4.sv'
Parsing design file '../th/compile_dest/ram_2x120.sv'
Parsing design file '../th/compile_dest/Queue2_TLBundleB.sv'
Parsing design file '../th/compile_dest/ram_2x113.sv'
Parsing design file '../th/compile_dest/Queue2_TLBundleC.sv'
Parsing design file '../th/compile_dest/ram_sink_2x2.sv'
Parsing design file '../th/compile_dest/Queue2_TLBundleE.sv'
Parsing design file '../th/compile_dest/TLBuffer_10.sv'
Parsing design file '../th/compile_dest/SynchronizerShiftReg_w1_d3.sv'
Parsing design file '../th/compile_dest/IntSyncAsyncCrossingSink_1.sv'
Parsing design file '../th/compile_dest/IntSyncSyncCrossingSink.sv'
Parsing design file '../th/compile_dest/IntSyncSyncCrossingSink_1.sv'
Parsing design file '../th/compile_dest/AsyncResetRegVec_w1_i0.sv'
Parsing design file '../th/compile_dest/IntSyncCrossingSource_1.sv'
Parsing design file '../th/compile_dest/TilePRCIDomain.sv'
Parsing design file '../th/compile_dest/IntXbar_2.sv'
Parsing design file '../th/compile_dest/BundleBridgeNexus_11.sv'
Parsing design file '../th/compile_dest/TLMonitor_27.sv'
Parsing design file '../th/compile_dest/CLINT.sv'
Parsing design file '../th/compile_dest/ClockSinkDomain.sv'
Parsing design file '../th/compile_dest/TLMonitor_28.sv'
Parsing design file '../th/compile_dest/LevelGateway.sv'
Parsing design file '../th/compile_dest/PLICFanIn.sv'
Parsing design file '../th/compile_dest/Queue1_RegMapperInput.sv'
Parsing design file '../th/compile_dest/TLPLIC.sv'
Parsing design file '../th/compile_dest/ClockSinkDomain_1.sv'
Parsing design file '../th/compile_dest/TLMonitor_29.sv'
Parsing design file '../th/compile_dest/TLXbar_10.sv'
Parsing design file '../th/compile_dest/DMIToTL.sv'
Parsing design file '../th/compile_dest/TLMonitor_30.sv'
Parsing design file '../th/compile_dest/TLDebugModuleOuter.sv'
Parsing design file '../th/compile_dest/IntSyncCrossingSource_7.sv'
Parsing design file '../th/compile_dest/TLMonitor_31.sv'
Parsing design file '../th/compile_dest/TLBusBypassBar.sv'
Parsing design file '../th/compile_dest/TLMonitor_32.sv'
Parsing design file '../th/compile_dest/TLError_1.sv'
Parsing design file '../th/compile_dest/TLBusBypass.sv'
Parsing design file '../th/compile_dest/TLMonitor_33.sv'
Parsing design file '../th/compile_dest/AsyncResetSynchronizerPrimitiveShiftReg_d3_i0.sv'
Parsing design file '../th/compile_dest/AsyncResetSynchronizerShiftReg_w1_d3_i0.sv'
Parsing design file '../th/compile_dest/AsyncResetSynchronizerShiftReg_w1_d3_i0_1.sv'
Parsing design file '../th/compile_dest/AsyncValidSync.sv'
Parsing design file '../th/compile_dest/AsyncQueueSource.sv'
Parsing design file '../th/compile_dest/ClockCrossingReg_w43.sv'
Parsing design file '../th/compile_dest/AsyncQueueSink.sv'
Parsing design file '../th/compile_dest/TLAsyncCrossingSource.sv'
Parsing design file '../th/compile_dest/AsyncQueueSource_1.sv'
Parsing design file '../th/compile_dest/TLDebugModuleOuterAsync.sv'
Parsing design file '../th/compile_dest/TLMonitor_34.sv'
Parsing design file '../th/compile_dest/TLMonitor_35.sv'
Parsing design file '../th/compile_dest/TLDebugModuleInner.sv'
Parsing design file '../th/compile_dest/ClockCrossingReg_w55.sv'
Parsing design file '../th/compile_dest/AsyncQueueSink_1.sv'
Parsing design file '../th/compile_dest/AsyncQueueSource_2.sv'
Parsing design file '../th/compile_dest/TLAsyncCrossingSink.sv'
Parsing design file '../th/compile_dest/ClockCrossingReg_w15.sv'
Parsing design file '../th/compile_dest/AsyncQueueSink_2.sv'
Parsing design file '../th/compile_dest/TLDebugModuleInnerAsync.sv'
Parsing design file '../th/compile_dest/TLDebugModule.sv'
Parsing design file '../th/compile_dest/DebugCustomXbar.sv'
Parsing design file '../th/compile_dest/TLMonitor_36.sv'
Parsing design file '../th/compile_dest/TLROM.sv'
Parsing design file '../th/compile_dest/ClockSinkDomain_2.sv'
Parsing design file '../th/compile_dest/ExampleGpcSystem.sv'
Parsing design file '../th/compile_dest/mem_33554432x64.sv'
Parsing design file '../th/compile_dest/AXI4RAM.sv'
Parsing design file '../th/compile_dest/Queue2_UInt1.sv'
Parsing design file '../th/compile_dest/AXI4Xbar.sv'
Parsing design file '../th/compile_dest/ram_2x62.sv'
Parsing design file '../th/compile_dest/Queue2_AXI4BundleAW_1.sv'
Parsing design file '../th/compile_dest/ram_2x7.sv'
Parsing design file '../th/compile_dest/Queue2_AXI4BundleB_1.sv'
Parsing design file '../th/compile_dest/ram_2x72.sv'
Parsing design file '../th/compile_dest/Queue2_AXI4BundleR_1.sv'
Parsing design file '../th/compile_dest/AXI4Buffer_1.sv'
Parsing design file '../th/compile_dest/Queue1_AXI4BundleAR_1.sv'
Parsing design file '../th/compile_dest/AXI4Fragmenter_1.sv'
Parsing design file '../th/compile_dest/SimAXIMem.sv'
Parsing design file '../th/compile_dest/mem_512x64.sv'
Parsing design file '../th/compile_dest/AXI4RAM_1.sv'
Parsing design file '../th/compile_dest/AXI4Xbar_1.sv'
Parsing design file '../th/compile_dest/ram_2x61.sv'
Parsing design file '../th/compile_dest/Queue2_AXI4BundleAW_2.sv'
Parsing design file '../th/compile_dest/AXI4Buffer_2.sv'
Parsing design file '../th/compile_dest/Queue1_AXI4BundleAR_2.sv'
Parsing design file '../th/compile_dest/AXI4Fragmenter_2.sv'
Parsing design file '../th/compile_dest/SimAXIMem_1.sv'
Parsing design file '../th/compile_dest/ResetSynchronizerShiftReg_w1_d3_i0.sv'
Parsing design file '../th/compile_dest/TestHarness.sv'
Parsing design file '../th/compile_dest/./plusarg_reader.v'
Parsing design file '../th/compile_dest/./SimDTM.v'
Parsing design file '../env/instr_agent/instr_trans.sv'
Parsing design file '../env/instr_agent/instr_agent_config.sv'
Parsing design file '../env/instr_agent/instr_monitor.sv'
Parsing design file '../env/instr_agent/instr_driver.sv'
Parsing design file '../env/instr_agent/instr_sequencer.sv'
Parsing design file '../env/instr_agent/instr_seq.sv'
Parsing design file '../env/instr_agent/instr_agent.sv'
Parsing design file '../env/instr_agent/instr_if.sv'
Parsing design file '../env/data_agent/data_trans.sv'
Parsing design file '../env/data_agent/data_agent_config.sv'
Parsing design file '../env/data_agent/data_monitor.sv'
Parsing design file '../env/data_agent/data_agent.sv'
Parsing design file '../env/data_agent/data_if.sv'
Parsing design file '../env/vpu_env_config.sv'
Parsing design file '../env/vpu_refm.sv'
Parsing design file '../env/vpu_scb.sv'
Parsing design file '../env/vpu_env.sv'
Parsing design file '../tc/vpu_vseqr.sv'
Parsing design file '../tc/sequence/instr_sequence.sv'
Parsing design file '../tc/vpu_base_test.sv'
Parsing design file '../tc/instr_test.sv'
Parsing design file '../th/tb_top.sv'
Parsing included file '/tools/synopsys/vcs/Q-2020.03-SP2-7/etc/uvm-1.2/uvm_macros.svh'.
Back to file '../th/tb_top.sv'.
Parsing included file '../th/dut_instance.sv'.
Back to file '../th/tb_top.sv'.
Top Level Modules:
       DebugROBPushTrace
       DebugROBPushWb
       DebugROBPopTrace
       ClockDivider2
       ClockDivider3
       AsyncResetReg
       SimDTM
       tb_top
TimeScale is 1 ns / 10 ps

Warning-[TFIPC] Too few instance port connections
../th/tb_top.sv, 84
tb_top, "instr_if m_instr_if();"
  The above instance has fewer port connections than the module definition.
  Please use '+lint=TFIPC-L' to print out detailed information of unconnected 
  ports.


Warning-[VCM-HFUFR] Hier Config: regions not found
  In the '-cm_hier' configuration file, pattern "+moduletree --- SmartVector" 
  did not match any pattern.
  Please check the entry at line number "1" in hier config file 
  "../cfg/cov.cfg". If the unmatched pattern is a design unit which is present
  in a verilog library or present under a celldefine directive and you want 
  VCS to consider it for coverage, then please pass "-cm_libs yv+celldefine".


Warning-[VCM-HFNM] Hier Config: No pattern match
  None of the patterns in the hier config file ( given by -cm_hier option ) 
  matched any pattern.
  Please check the hier config file "../cfg/cov.cfg".

VCS Coverage Metrics Release T-2022.06_Full64 Copyright (c) 1991-2022 by Synopsys Inc.

Warning-[VCM-BSZEX] Bit size exceeded.
  The maximum width of a signal supported for Toggle Coverage is 32767. The 
  width of the signal '_GEN' of the module 'TLROM' is 32768.
  Hence, VCS is skipping the signal '_GEN' for Toggle Coverage.

Starting vcs inline pass...
Notice: Ports coerced to inout, use -notice for details
175 modules and 0 UDP read.
recompiling package vcs_paramclassrepository
recompiling package _vcs_DPI_package
recompiling package uvm_pkg
recompiling module DebugROBPushTrace
recompiling module DebugROBPushWb
recompiling module DebugROBPopTrace
recompiling module ClockDivider2
recompiling module ClockDivider3
recompiling module AsyncResetReg
recompiling module EICG_wrapper
recompiling module IntXbar
recompiling module IntSyncAsyncCrossingSink
recompiling module IntSyncCrossingSource
recompiling module FixedClockBroadcast
recompiling module TLMonitor
recompiling module TLMonitor_1
recompiling module TLXbar
recompiling module TLMonitor_3
recompiling module TLFIFOFixer
recompiling module Queue2_AXI4BundleAW
recompiling module Queue2_AXI4BundleW
recompiling module Queue2_BundleMap
recompiling module Queue1_BundleMap
recompiling module Queue8_AXI4BundleR
recompiling module AXI4Deinterleaver
recompiling module AXI4IdIndexer
recompiling module TLMonitor_4
recompiling module Queue1_AXI4BundleW
recompiling module Queue1_AXI4BundleARW
recompiling module TLToAXI4
recompiling module TLInterconnectCoupler_4
recompiling module SystemBus
recompiling module PeripheryBus
recompiling module Queue2_TLBundleA
recompiling module Queue2_TLBundleD
recompiling module TLBuffer_2
recompiling module TLFIFOFixer_2
recompiling module AXI4ToTL
recompiling module Queue1_AXI4BundleAR
recompiling module AXI4Fragmenter
recompiling module AXI4IdIndexer_1
recompiling module TLInterconnectCoupler_5
recompiling module FixedClockBroadcast_3
recompiling module TLFIFOFixer_3
recompiling module TLMonitor_9
recompiling module TLXbar_5
recompiling module Queue2_TLBundleD_2
recompiling module TLAtomicAutomata_1
recompiling module Queue1_TLBundleA
recompiling module TLError
50 of 175 modules done
recompiling module ErrorDeviceWrapper
recompiling module Repeater
recompiling module TLInterconnectCoupler_7
recompiling module Repeater_1
recompiling module TLInterconnectCoupler_8
recompiling module Repeater_2
recompiling module TLInterconnectCoupler_9
recompiling module Repeater_3
recompiling module TLInterconnectCoupler_11
recompiling module PeripheryBus_1
recompiling module TLMonitor_18
recompiling module ProbePicker
recompiling module Queue32_BundleMap
recompiling module TLMonitor_20
recompiling module Queue1_AXI4BundleARW_1
recompiling module TLToAXI4_1
recompiling module TLInterconnectCoupler_12
recompiling module MemoryBus
recompiling module TLMonitor_21
recompiling module BroadcastFilter
recompiling module TLBroadcastTracker
recompiling module TLBroadcastTracker_1
recompiling module TLBroadcastTracker_2
recompiling module TLBroadcastTracker_3
recompiling module BankBinder
recompiling module CoherenceManagerWrapper
recompiling module TLMonitor_24
recompiling module TLXbar_8
recompiling module IntXbar_1
recompiling module MetaArray
recompiling module DataSRAMBank
recompiling module DataArray
recompiling module AMOALU
recompiling module ReplayModule
recompiling module Arbiter8_Bool
recompiling module Arbiter2_Type
recompiling module MSHR
recompiling module MyQueue
recompiling module IOMSHR
recompiling module IOMSHRFile
recompiling module MSHRWrapper
recompiling module WritebackEntry_6
recompiling module WritebackEntry_7
recompiling module WritebackQueue
recompiling module ProbeQueue
recompiling module SearchableQueue
recompiling module RefillQueueWrapper
recompiling module Arbiter3_MainPipeReq
recompiling module Arbiter2_WritebackReq
recompiling module OptimizationBarrier
100 of 175 modules done
recompiling module PMPChecker
recompiling module TLB
recompiling module GPCDCacheWrapper
recompiling module data_arrays_512x256
recompiling module ICache
recompiling module TLB_1
recompiling module RVCExpander
recompiling module PreDecoder
recompiling module FetchBuffer
recompiling module Repeater_4
recompiling module TLWidthWidget_10
recompiling module FPUDecoder
recompiling module RoundRawFNToRecFN
recompiling module FPUFMAPipe
recompiling module FPToInt
recompiling module IntToFP
recompiling module FPToFP
recompiling module RoundRawFNToRecFN_1
recompiling module FPUFMAPipe_1
recompiling module DivSqrtRecFN_small
recompiling module DivSqrtRecFN_small_1
recompiling module regfile_32x65
recompiling module FPU
recompiling module HellaCacheArbiter
recompiling module Arbiter2_Valid_PTWReq
recompiling module OptimizationBarrier_28
recompiling module OptimizationBarrier_29
recompiling module PTW
recompiling module CSRFile
recompiling module BreakpointUnit
recompiling module ALU
recompiling module MulDiv
recompiling module UvmVerification
recompiling module rf_31x64
recompiling module Gpc
recompiling module TLBuffer_10
recompiling module IntSyncSyncCrossingSink
recompiling module IntSyncSyncCrossingSink_1
recompiling module IntXbar_2
recompiling module BundleBridgeNexus_11
recompiling module ClockSinkDomain
recompiling module TLMonitor_28
recompiling module PLICFanIn
recompiling module Queue1_RegMapperInput
recompiling module ClockSinkDomain_1
recompiling module TLXbar_10
recompiling module DMIToTL
recompiling module TLDebugModuleOuter
recompiling module IntSyncCrossingSource_7
recompiling module TLBusBypassBar
150 of 175 modules done
recompiling module TLBusBypass
recompiling module AsyncQueueSource_1
recompiling module TLMonitor_34
recompiling module TLMonitor_35
recompiling module TLDebugModuleInnerAsync
recompiling module TLDebugModule
recompiling module DebugCustomXbar
recompiling module TLMonitor_36
recompiling module ClockSinkDomain_2
recompiling module Queue2_UInt1
recompiling module Queue2_AXI4BundleAW_1
recompiling module Queue2_AXI4BundleB_1
recompiling module Queue2_AXI4BundleR_1
recompiling module Queue1_AXI4BundleAR_1
recompiling module AXI4Fragmenter_1
recompiling module SimAXIMem
recompiling module Queue2_AXI4BundleAW_2
recompiling module Queue1_AXI4BundleAR_2
recompiling module AXI4Fragmenter_2
recompiling module SimAXIMem_1
recompiling module plusarg_reader
recompiling module SimDTM
recompiling module instr_if
recompiling module data_if
recompiling module tb_top
All of 175 modules done
make[1]: Entering directory '/datahdd/riscv/zhangxiran/GCC_verification/GPC_verif_env/vpu_grape_cove/sim1/base_func/exec/csrc' \

rm -f _cuarc*.so _csrc*.so pre_vcsobj_*.so share_vcsobj_*.so
g++ -w  -pipe -fPIC -DVCS -I/tools/synopsys/vcs/T-2022.06/include -I/tools/others/rocket-tools//include \
-std=c++17 -Wl,-rpath,/tools/others/rocket-tools//lib -O -I/tools/synopsys/vcs/T-2022.06/include \
-c /tools/synopsys/vcs/Q-2020.03-SP2-7/etc/uvm-1.2/dpi/uvm_dpi.cc
gcc-5  -w  -pipe -fPIC -DVCS -I/tools/synopsys/vcs/T-2022.06/include -I/tools/others/rocket-tools//include \
-std=c++17 -Wl,-rpath,/tools/others/rocket-tools//lib -O -I/tools/synopsys/vcs/T-2022.06/include \
-fPIC -c -o uM9F1_0x2aB.o uM9F1_0x2aB.c
cc1: warning: command line option '-std=c++1z' is valid for C++/ObjC++ but not for \
C
cc1: warning: command line option '-std=c++1z' is valid for C++/ObjC++ but not for \
C
if [ -x /datahdd/riscv/zhangxiran/GCC_verification/GPC_verif_env/vpu_grape_cove/sim1/./base_func/exec/simv \
]; then chmod a-x /datahdd/riscv/zhangxiran/GCC_verification/GPC_verif_env/vpu_grape_cove/sim1/./base_func/exec/simv; \
fi
g++  -o /datahdd/riscv/zhangxiran/GCC_verification/GPC_verif_env/vpu_grape_cove/sim1/./base_func/exec/simv \
-no-pie    -Wl,--no-as-needed -rdynamic  -Wl,-rpath='$ORIGIN'/simv.daidir -Wl,-rpath=./simv.daidir \
-Wl,-rpath=/tools/synopsys/vcs/T-2022.06/linux64/lib -L/tools/synopsys/vcs/T-2022.06/linux64/lib \
-Wl,-rpath-link=./ -Wl,--no-as-needed  uvm_dpi.o   objs/amcQw_d.o   _2775931_archive_1.so \
SIM_l.o    uM9F1_0x2aB.o   rmapats_mop.o rmapats.o rmar.o rmar_nd.o  rmar_llvm_0_1.o \
rmar_llvm_0_0.o           -lnuma -lvirsim -lerrorinf -lsnpsmalloc -lvfs /tools/others/rocket-tools//lib/libfesvr.a \
-lvcsnew -lsimprofile -lreader_common /tools/synopsys/vcs/T-2022.06/linux64/lib/libBA.a \
-luclinative /tools/synopsys/vcs/T-2022.06/linux64/lib/vcs_tls.o   -Wl,-whole-archive \
-lvcsucli    -Wl,-no-whole-archive       ./../simv.daidir/vc_hdrs.o  _vcs_pli_stub_.o \
/tools/synopsys/vcs/T-2022.06/linux64/lib/vcs_save_restore_new.o /tools/synopsys/verdi/V-2023.12/share/PLI/VCS/LINUX64/pli.a \
-ldl  -lc -lm -lpthread -ldl 
/datahdd/riscv/zhangxiran/GCC_verification/GPC_verif_env/vpu_grape_cove/sim1/./base_func/exec/simv \
up to date
make[1]: Leaving directory '/datahdd/riscv/zhangxiran/GCC_verification/GPC_verif_env/vpu_grape_cove/sim1/base_func/exec/csrc' \

CPU time: 36.510 seconds to compile + .821 seconds to elab + 1.202 seconds to link
Verdi KDB elaboration done and the database successfully generated: 0 error(s), 0 warning(s)
